生成启动时间为 2014/5/9 19:14:21。
     1>项目“E:\users\Assassin\Documents\Visual Studio 2012\Projects\abschlussarbeit03\abschlussarbeit03\abschlussarbeit03.vcxproj”在节点 2 上(Build 个目标)。
     1>AddCudaCompileDeps:
         D:\Program Files (x86)\Microsoft Visual Studio 11.0\VC\bin\cl.exe /E /nologo /showIncludes /TP /D__CUDACC__ /DWIN32 /D_DEBUG /D_CONSOLE /D_MBCS /I"C:\Program Files\NVIDIA GPU Computing Toolkit\CUDA\v6.0\include" /I"C:\Program Files\NVIDIA GPU Computing Toolkit\CUDA\v6.0\bin" /I"C:\Program Files\NVIDIA GPU Computing Toolkit\CUDA\v6.0\include" /I. /FIcuda_runtime.h /c "E:\users\Assassin\Documents\Visual Studio 2012\Projects\abschlussarbeit03\abschlussarbeit03\dis_mat.cu" 
       AddCudaCompileDeps:
         D:\Program Files (x86)\Microsoft Visual Studio 11.0\VC\bin\cl.exe /E /nologo /showIncludes /TP /D__CUDACC__ /DWIN32 /D_DEBUG /D_CONSOLE /D_MBCS /I"C:\Program Files\NVIDIA GPU Computing Toolkit\CUDA\v6.0\include" /I"C:\Program Files\NVIDIA GPU Computing Toolkit\CUDA\v6.0\bin" /I"C:\Program Files\NVIDIA GPU Computing Toolkit\CUDA\v6.0\include" /I. /FIcuda_runtime.h /c "E:\users\Assassin\Documents\Visual Studio 2012\Projects\abschlussarbeit03\abschlussarbeit03\kernel.cu" 
       AddCudaCompileDeps:
         D:\Program Files (x86)\Microsoft Visual Studio 11.0\VC\bin\cl.exe /E /nologo /showIncludes /TP /D__CUDACC__ /DWIN32 /D_DEBUG /D_CONSOLE /D_MBCS /I"C:\Program Files\NVIDIA GPU Computing Toolkit\CUDA\v6.0\include" /I"C:\Program Files\NVIDIA GPU Computing Toolkit\CUDA\v6.0\bin" /I"C:\Program Files\NVIDIA GPU Computing Toolkit\CUDA\v6.0\include" /I. /FIcuda_runtime.h /c "E:\users\Assassin\Documents\Visual Studio 2012\Projects\abschlussarbeit03\abschlussarbeit03\min_reduction.cu" 
       AddCudaCompileDeps:
         D:\Program Files (x86)\Microsoft Visual Studio 11.0\VC\bin\cl.exe /E /nologo /showIncludes /TP /D__CUDACC__ /DWIN32 /D_DEBUG /D_CONSOLE /D_MBCS /I"C:\Program Files\NVIDIA GPU Computing Toolkit\CUDA\v6.0\include" /I"C:\Program Files\NVIDIA GPU Computing Toolkit\CUDA\v6.0\bin" /I"C:\Program Files\NVIDIA GPU Computing Toolkit\CUDA\v6.0\include" /I. /FIcuda_runtime.h /c "E:\users\Assassin\Documents\Visual Studio 2012\Projects\abschlussarbeit03\abschlussarbeit03\sep_mst.cu" 
       CudaBuild:
         Compiling CUDA source file dis_mat.cu...
         cmd.exe /C "C:\Users\Assassin\AppData\Local\Temp\tmpc0fccafbc84e48cbb1eb9599fc15c6bf.cmd"
         "C:\Program Files\NVIDIA GPU Computing Toolkit\CUDA\v6.0\bin\nvcc.exe" -gencode=arch=compute_10,code=\"sm_10,compute_10\" --use-local-env --cl-version 2012 -ccbin "D:\Program Files (x86)\Microsoft Visual Studio 11.0\VC\bin"  -I"C:\Program Files\NVIDIA GPU Computing Toolkit\CUDA\v6.0\include" -I"C:\Program Files\NVIDIA GPU Computing Toolkit\CUDA\v6.0\include"  -G   --keep-dir Debug -maxrregcount=0  --machine 32 --compile -cudart static  -g   -DWIN32 -D_DEBUG -D_CONSOLE -D_MBCS -Xcompiler "/EHsc /W3 /nologo /Od /Zi /RTC1 /MDd  " -o Debug\dis_mat.cu.obj "E:\users\Assassin\Documents\Visual Studio 2012\Projects\abschlussarbeit03\abschlussarbeit03\dis_mat.cu"
         
         E:\users\Assassin\Documents\Visual Studio 2012\Projects\abschlussarbeit03\abschlussarbeit03>"C:\Program Files\NVIDIA GPU Computing Toolkit\CUDA\v6.0\bin\nvcc.exe" -gencode=arch=compute_10,code=\"sm_10,compute_10\" --use-local-env --cl-version 2012 -ccbin "D:\Program Files (x86)\Microsoft Visual Studio 11.0\VC\bin"  -I"C:\Program Files\NVIDIA GPU Computing Toolkit\CUDA\v6.0\include" -I"C:\Program Files\NVIDIA GPU Computing Toolkit\CUDA\v6.0\include"  -G   --keep-dir Debug -maxrregcount=0  --machine 32 --compile -cudart static  -g   -DWIN32 -D_DEBUG -D_CONSOLE -D_MBCS -Xcompiler "/EHsc /W3 /nologo /Od /Zi /RTC1 /MDd  " -o Debug\dis_mat.cu.obj "E:\users\Assassin\Documents\Visual Studio 2012\Projects\abschlussarbeit03\abschlussarbeit03\dis_mat.cu" 
     1>nvcc : warning : The 'compute_10' and 'sm_10' architectures are deprecated, and may be removed in a future release.
     1>c:\program files\nvidia gpu computing toolkit\cuda\v6.0\include\math_functions.h : warning C4819: 该文件包含不能在当前代码页(936)中表示的字符。请将该文件保存为 Unicode 格式以防止数据丢失
     1>c:\program files\nvidia gpu computing toolkit\cuda\v6.0\include\math_functions.h(870): warning C4819: 该文件包含不能在当前代码页(936)中表示的字符。请将该文件保存为 Unicode 格式以防止数据丢失
     1>c:\program files\nvidia gpu computing toolkit\cuda\v6.0\include\math_functions.h(1850): warning C4819: 该文件包含不能在当前代码页(936)中表示的字符。请将该文件保存为 Unicode 格式以防止数据丢失
     1>c:\program files\nvidia gpu computing toolkit\cuda\v6.0\include\math_functions.h(2751): warning C4819: 该文件包含不能在当前代码页(936)中表示的字符。请将该文件保存为 Unicode 格式以防止数据丢失
     1>c:\program files\nvidia gpu computing toolkit\cuda\v6.0\include\math_functions.h(3698): warning C4819: 该文件包含不能在当前代码页(936)中表示的字符。请将该文件保存为 Unicode 格式以防止数据丢失
     1>c:\program files\nvidia gpu computing toolkit\cuda\v6.0\include\math_functions.h(4617): warning C4819: 该文件包含不能在当前代码页(936)中表示的字符。请将该文件保存为 Unicode 格式以防止数据丢失
     1>c:\program files\nvidia gpu computing toolkit\cuda\v6.0\include\math_functions.h(5509): warning C4819: 该文件包含不能在当前代码页(936)中表示的字符。请将该文件保存为 Unicode 格式以防止数据丢失
     1>c:\program files\nvidia gpu computing toolkit\cuda\v6.0\include\math_functions.h(6392): warning C4819: 该文件包含不能在当前代码页(936)中表示的字符。请将该文件保存为 Unicode 格式以防止数据丢失
     1>c:\program files\nvidia gpu computing toolkit\cuda\v6.0\include\math_functions.h(7307): warning C4819: 该文件包含不能在当前代码页(936)中表示的字符。请将该文件保存为 Unicode 格式以防止数据丢失
     1>c:\program files\nvidia gpu computing toolkit\cuda\v6.0\include\device_functions.h : warning C4819: 该文件包含不能在当前代码页(936)中表示的字符。请将该文件保存为 Unicode 格式以防止数据丢失
     1>c:\program files\nvidia gpu computing toolkit\cuda\v6.0\include\device_functions.h(783): warning C4819: 该文件包含不能在当前代码页(936)中表示的字符。请将该文件保存为 Unicode 格式以防止数据丢失
     1>c:\program files\nvidia gpu computing toolkit\cuda\v6.0\include\device_functions.h(1659): warning C4819: 该文件包含不能在当前代码页(936)中表示的字符。请将该文件保存为 Unicode 格式以防止数据丢失
     1>c:\program files\nvidia gpu computing toolkit\cuda\v6.0\include\sm_13_double_functions.h : warning C4819: 该文件包含不能在当前代码页(936)中表示的字符。请将该文件保存为 Unicode 格式以防止数据丢失
     1>c:\program files\nvidia gpu computing toolkit\cuda\v6.0\include\math_functions.h : warning C4819: 该文件包含不能在当前代码页(936)中表示的字符。请将该文件保存为 Unicode 格式以防止数据丢失
     1>c:\program files\nvidia gpu computing toolkit\cuda\v6.0\include\math_functions.h(870): warning C4819: 该文件包含不能在当前代码页(936)中表示的字符。请将该文件保存为 Unicode 格式以防止数据丢失
     1>c:\program files\nvidia gpu computing toolkit\cuda\v6.0\include\math_functions.h(1850): warning C4819: 该文件包含不能在当前代码页(936)中表示的字符。请将该文件保存为 Unicode 格式以防止数据丢失
     1>c:\program files\nvidia gpu computing toolkit\cuda\v6.0\include\math_functions.h(2751): warning C4819: 该文件包含不能在当前代码页(936)中表示的字符。请将该文件保存为 Unicode 格式以防止数据丢失
     1>c:\program files\nvidia gpu computing toolkit\cuda\v6.0\include\math_functions.h(3698): warning C4819: 该文件包含不能在当前代码页(936)中表示的字符。请将该文件保存为 Unicode 格式以防止数据丢失
     1>c:\program files\nvidia gpu computing toolkit\cuda\v6.0\include\math_functions.h(4617): warning C4819: 该文件包含不能在当前代码页(936)中表示的字符。请将该文件保存为 Unicode 格式以防止数据丢失
     1>c:\program files\nvidia gpu computing toolkit\cuda\v6.0\include\math_functions.h(5509): warning C4819: 该文件包含不能在当前代码页(936)中表示的字符。请将该文件保存为 Unicode 格式以防止数据丢失
     1>c:\program files\nvidia gpu computing toolkit\cuda\v6.0\include\math_functions.h(6392): warning C4819: 该文件包含不能在当前代码页(936)中表示的字符。请将该文件保存为 Unicode 格式以防止数据丢失
     1>c:\program files\nvidia gpu computing toolkit\cuda\v6.0\include\math_functions.h(7307): warning C4819: 该文件包含不能在当前代码页(936)中表示的字符。请将该文件保存为 Unicode 格式以防止数据丢失
     1>c:\program files\nvidia gpu computing toolkit\cuda\v6.0\include\math_functions.h : warning C4819: 该文件包含不能在当前代码页(936)中表示的字符。请将该文件保存为 Unicode 格式以防止数据丢失
     1>c:\program files\nvidia gpu computing toolkit\cuda\v6.0\include\math_functions.h(870): warning C4819: 该文件包含不能在当前代码页(936)中表示的字符。请将该文件保存为 Unicode 格式以防止数据丢失
     1>c:\program files\nvidia gpu computing toolkit\cuda\v6.0\include\math_functions.h(1850): warning C4819: 该文件包含不能在当前代码页(936)中表示的字符。请将该文件保存为 Unicode 格式以防止数据丢失
     1>c:\program files\nvidia gpu computing toolkit\cuda\v6.0\include\math_functions.h(2751): warning C4819: 该文件包含不能在当前代码页(936)中表示的字符。请将该文件保存为 Unicode 格式以防止数据丢失
     1>c:\program files\nvidia gpu computing toolkit\cuda\v6.0\include\math_functions.h(3698): warning C4819: 该文件包含不能在当前代码页(936)中表示的字符。请将该文件保存为 Unicode 格式以防止数据丢失
     1>c:\program files\nvidia gpu computing toolkit\cuda\v6.0\include\math_functions.h(4617): warning C4819: 该文件包含不能在当前代码页(936)中表示的字符。请将该文件保存为 Unicode 格式以防止数据丢失
     1>c:\program files\nvidia gpu computing toolkit\cuda\v6.0\include\math_functions.h(5509): warning C4819: 该文件包含不能在当前代码页(936)中表示的字符。请将该文件保存为 Unicode 格式以防止数据丢失
     1>c:\program files\nvidia gpu computing toolkit\cuda\v6.0\include\math_functions.h(6392): warning C4819: 该文件包含不能在当前代码页(936)中表示的字符。请将该文件保存为 Unicode 格式以防止数据丢失
     1>c:\program files\nvidia gpu computing toolkit\cuda\v6.0\include\math_functions.h(7307): warning C4819: 该文件包含不能在当前代码页(936)中表示的字符。请将该文件保存为 Unicode 格式以防止数据丢失
     1>c:\program files\nvidia gpu computing toolkit\cuda\v6.0\include\device_functions.h : warning C4819: 该文件包含不能在当前代码页(936)中表示的字符。请将该文件保存为 Unicode 格式以防止数据丢失
     1>c:\program files\nvidia gpu computing toolkit\cuda\v6.0\include\device_functions.h(783): warning C4819: 该文件包含不能在当前代码页(936)中表示的字符。请将该文件保存为 Unicode 格式以防止数据丢失
     1>c:\program files\nvidia gpu computing toolkit\cuda\v6.0\include\device_functions.h(1659): warning C4819: 该文件包含不能在当前代码页(936)中表示的字符。请将该文件保存为 Unicode 格式以防止数据丢失
     1>c:\program files\nvidia gpu computing toolkit\cuda\v6.0\include\sm_13_double_functions.h : warning C4819: 该文件包含不能在当前代码页(936)中表示的字符。请将该文件保存为 Unicode 格式以防止数据丢失
     1>c:\program files\nvidia gpu computing toolkit\cuda\v6.0\include\math_functions.h : warning C4819: 该文件包含不能在当前代码页(936)中表示的字符。请将该文件保存为 Unicode 格式以防止数据丢失
     1>c:\program files\nvidia gpu computing toolkit\cuda\v6.0\include\math_functions.h(870): warning C4819: 该文件包含不能在当前代码页(936)中表示的字符。请将该文件保存为 Unicode 格式以防止数据丢失
     1>c:\program files\nvidia gpu computing toolkit\cuda\v6.0\include\math_functions.h(1850): warning C4819: 该文件包含不能在当前代码页(936)中表示的字符。请将该文件保存为 Unicode 格式以防止数据丢失
     1>c:\program files\nvidia gpu computing toolkit\cuda\v6.0\include\math_functions.h(2751): warning C4819: 该文件包含不能在当前代码页(936)中表示的字符。请将该文件保存为 Unicode 格式以防止数据丢失
     1>c:\program files\nvidia gpu computing toolkit\cuda\v6.0\include\math_functions.h(3698): warning C4819: 该文件包含不能在当前代码页(936)中表示的字符。请将该文件保存为 Unicode 格式以防止数据丢失
     1>c:\program files\nvidia gpu computing toolkit\cuda\v6.0\include\math_functions.h(4617): warning C4819: 该文件包含不能在当前代码页(936)中表示的字符。请将该文件保存为 Unicode 格式以防止数据丢失
     1>c:\program files\nvidia gpu computing toolkit\cuda\v6.0\include\math_functions.h(5509): warning C4819: 该文件包含不能在当前代码页(936)中表示的字符。请将该文件保存为 Unicode 格式以防止数据丢失
     1>c:\program files\nvidia gpu computing toolkit\cuda\v6.0\include\math_functions.h(6392): warning C4819: 该文件包含不能在当前代码页(936)中表示的字符。请将该文件保存为 Unicode 格式以防止数据丢失
     1>c:\program files\nvidia gpu computing toolkit\cuda\v6.0\include\math_functions.h(7307): warning C4819: 该文件包含不能在当前代码页(936)中表示的字符。请将该文件保存为 Unicode 格式以防止数据丢失
     1>c:\program files\nvidia gpu computing toolkit\cuda\v6.0\include\device_functions.h : warning C4819: 该文件包含不能在当前代码页(936)中表示的字符。请将该文件保存为 Unicode 格式以防止数据丢失
     1>c:\program files\nvidia gpu computing toolkit\cuda\v6.0\include\device_functions.h(783): warning C4819: 该文件包含不能在当前代码页(936)中表示的字符。请将该文件保存为 Unicode 格式以防止数据丢失
     1>c:\program files\nvidia gpu computing toolkit\cuda\v6.0\include\device_functions.h(1659): warning C4819: 该文件包含不能在当前代码页(936)中表示的字符。请将该文件保存为 Unicode 格式以防止数据丢失
     1>c:\program files\nvidia gpu computing toolkit\cuda\v6.0\include\sm_13_double_functions.h : warning C4819: 该文件包含不能在当前代码页(936)中表示的字符。请将该文件保存为 Unicode 格式以防止数据丢失
     1>c:\program files\nvidia gpu computing toolkit\cuda\v6.0\include\math_functions.h : warning C4819: 该文件包含不能在当前代码页(936)中表示的字符。请将该文件保存为 Unicode 格式以防止数据丢失
     1>c:\program files\nvidia gpu computing toolkit\cuda\v6.0\include\math_functions.h(870): warning C4819: 该文件包含不能在当前代码页(936)中表示的字符。请将该文件保存为 Unicode 格式以防止数据丢失
     1>c:\program files\nvidia gpu computing toolkit\cuda\v6.0\include\math_functions.h(1850): warning C4819: 该文件包含不能在当前代码页(936)中表示的字符。请将该文件保存为 Unicode 格式以防止数据丢失
     1>c:\program files\nvidia gpu computing toolkit\cuda\v6.0\include\math_functions.h(2751): warning C4819: 该文件包含不能在当前代码页(936)中表示的字符。请将该文件保存为 Unicode 格式以防止数据丢失
     1>c:\program files\nvidia gpu computing toolkit\cuda\v6.0\include\math_functions.h(3698): warning C4819: 该文件包含不能在当前代码页(936)中表示的字符。请将该文件保存为 Unicode 格式以防止数据丢失
     1>c:\program files\nvidia gpu computing toolkit\cuda\v6.0\include\math_functions.h(4617): warning C4819: 该文件包含不能在当前代码页(936)中表示的字符。请将该文件保存为 Unicode 格式以防止数据丢失
     1>c:\program files\nvidia gpu computing toolkit\cuda\v6.0\include\math_functions.h(5509): warning C4819: 该文件包含不能在当前代码页(936)中表示的字符。请将该文件保存为 Unicode 格式以防止数据丢失
     1>c:\program files\nvidia gpu computing toolkit\cuda\v6.0\include\math_functions.h(6392): warning C4819: 该文件包含不能在当前代码页(936)中表示的字符。请将该文件保存为 Unicode 格式以防止数据丢失
     1>c:\program files\nvidia gpu computing toolkit\cuda\v6.0\include\math_functions.h(7307): warning C4819: 该文件包含不能在当前代码页(936)中表示的字符。请将该文件保存为 Unicode 格式以防止数据丢失
         dis_mat.cu
       CudaBuild:
         Compiling CUDA source file kernel.cu...
         cmd.exe /C "C:\Users\Assassin\AppData\Local\Temp\tmpaaa7b33e8a454a27844898c1eaacbd46.cmd"
         "C:\Program Files\NVIDIA GPU Computing Toolkit\CUDA\v6.0\bin\nvcc.exe" -gencode=arch=compute_10,code=\"sm_10,compute_10\" --use-local-env --cl-version 2012 -ccbin "D:\Program Files (x86)\Microsoft Visual Studio 11.0\VC\bin"  -I"C:\Program Files\NVIDIA GPU Computing Toolkit\CUDA\v6.0\include" -I"C:\Program Files\NVIDIA GPU Computing Toolkit\CUDA\v6.0\include"  -G   --keep-dir Debug -maxrregcount=0  --machine 32 --compile -cudart static  -g   -DWIN32 -D_DEBUG -D_CONSOLE -D_MBCS -Xcompiler "/EHsc /W3 /nologo /Od /Zi /RTC1 /MDd  " -o Debug\kernel.cu.obj "E:\users\Assassin\Documents\Visual Studio 2012\Projects\abschlussarbeit03\abschlussarbeit03\kernel.cu"
         
         E:\users\Assassin\Documents\Visual Studio 2012\Projects\abschlussarbeit03\abschlussarbeit03>"C:\Program Files\NVIDIA GPU Computing Toolkit\CUDA\v6.0\bin\nvcc.exe" -gencode=arch=compute_10,code=\"sm_10,compute_10\" --use-local-env --cl-version 2012 -ccbin "D:\Program Files (x86)\Microsoft Visual Studio 11.0\VC\bin"  -I"C:\Program Files\NVIDIA GPU Computing Toolkit\CUDA\v6.0\include" -I"C:\Program Files\NVIDIA GPU Computing Toolkit\CUDA\v6.0\include"  -G   --keep-dir Debug -maxrregcount=0  --machine 32 --compile -cudart static  -g   -DWIN32 -D_DEBUG -D_CONSOLE -D_MBCS -Xcompiler "/EHsc /W3 /nologo /Od /Zi /RTC1 /MDd  " -o Debug\kernel.cu.obj "E:\users\Assassin\Documents\Visual Studio 2012\Projects\abschlussarbeit03\abschlussarbeit03\kernel.cu" 
     1>nvcc : warning : The 'compute_10' and 'sm_10' architectures are deprecated, and may be removed in a future release.
     1>c:\program files\nvidia gpu computing toolkit\cuda\v6.0\include\math_functions.h : warning C4819: 该文件包含不能在当前代码页(936)中表示的字符。请将该文件保存为 Unicode 格式以防止数据丢失
     1>c:\program files\nvidia gpu computing toolkit\cuda\v6.0\include\math_functions.h(870): warning C4819: 该文件包含不能在当前代码页(936)中表示的字符。请将该文件保存为 Unicode 格式以防止数据丢失
     1>c:\program files\nvidia gpu computing toolkit\cuda\v6.0\include\math_functions.h(1850): warning C4819: 该文件包含不能在当前代码页(936)中表示的字符。请将该文件保存为 Unicode 格式以防止数据丢失
     1>c:\program files\nvidia gpu computing toolkit\cuda\v6.0\include\math_functions.h(2751): warning C4819: 该文件包含不能在当前代码页(936)中表示的字符。请将该文件保存为 Unicode 格式以防止数据丢失
     1>c:\program files\nvidia gpu computing toolkit\cuda\v6.0\include\math_functions.h(3698): warning C4819: 该文件包含不能在当前代码页(936)中表示的字符。请将该文件保存为 Unicode 格式以防止数据丢失
     1>c:\program files\nvidia gpu computing toolkit\cuda\v6.0\include\math_functions.h(4617): warning C4819: 该文件包含不能在当前代码页(936)中表示的字符。请将该文件保存为 Unicode 格式以防止数据丢失
     1>c:\program files\nvidia gpu computing toolkit\cuda\v6.0\include\math_functions.h(5509): warning C4819: 该文件包含不能在当前代码页(936)中表示的字符。请将该文件保存为 Unicode 格式以防止数据丢失
     1>c:\program files\nvidia gpu computing toolkit\cuda\v6.0\include\math_functions.h(6392): warning C4819: 该文件包含不能在当前代码页(936)中表示的字符。请将该文件保存为 Unicode 格式以防止数据丢失
     1>c:\program files\nvidia gpu computing toolkit\cuda\v6.0\include\math_functions.h(7307): warning C4819: 该文件包含不能在当前代码页(936)中表示的字符。请将该文件保存为 Unicode 格式以防止数据丢失
     1>c:\program files\nvidia gpu computing toolkit\cuda\v6.0\include\device_functions.h : warning C4819: 该文件包含不能在当前代码页(936)中表示的字符。请将该文件保存为 Unicode 格式以防止数据丢失
     1>c:\program files\nvidia gpu computing toolkit\cuda\v6.0\include\device_functions.h(783): warning C4819: 该文件包含不能在当前代码页(936)中表示的字符。请将该文件保存为 Unicode 格式以防止数据丢失
     1>c:\program files\nvidia gpu computing toolkit\cuda\v6.0\include\device_functions.h(1659): warning C4819: 该文件包含不能在当前代码页(936)中表示的字符。请将该文件保存为 Unicode 格式以防止数据丢失
     1>c:\program files\nvidia gpu computing toolkit\cuda\v6.0\include\sm_13_double_functions.h : warning C4819: 该文件包含不能在当前代码页(936)中表示的字符。请将该文件保存为 Unicode 格式以防止数据丢失
     1>E:/users/Assassin/Documents/Visual Studio 2012/Projects/abschlussarbeit03/abschlussarbeit03/kernel.cu(253): warning : subscript out of range
     1>c:\program files\nvidia gpu computing toolkit\cuda\v6.0\include\math_functions.h : warning C4819: 该文件包含不能在当前代码页(936)中表示的字符。请将该文件保存为 Unicode 格式以防止数据丢失
     1>c:\program files\nvidia gpu computing toolkit\cuda\v6.0\include\math_functions.h(870): warning C4819: 该文件包含不能在当前代码页(936)中表示的字符。请将该文件保存为 Unicode 格式以防止数据丢失
     1>c:\program files\nvidia gpu computing toolkit\cuda\v6.0\include\math_functions.h(1850): warning C4819: 该文件包含不能在当前代码页(936)中表示的字符。请将该文件保存为 Unicode 格式以防止数据丢失
     1>c:\program files\nvidia gpu computing toolkit\cuda\v6.0\include\math_functions.h(2751): warning C4819: 该文件包含不能在当前代码页(936)中表示的字符。请将该文件保存为 Unicode 格式以防止数据丢失
     1>c:\program files\nvidia gpu computing toolkit\cuda\v6.0\include\math_functions.h(3698): warning C4819: 该文件包含不能在当前代码页(936)中表示的字符。请将该文件保存为 Unicode 格式以防止数据丢失
     1>c:\program files\nvidia gpu computing toolkit\cuda\v6.0\include\math_functions.h(4617): warning C4819: 该文件包含不能在当前代码页(936)中表示的字符。请将该文件保存为 Unicode 格式以防止数据丢失
     1>c:\program files\nvidia gpu computing toolkit\cuda\v6.0\include\math_functions.h(5509): warning C4819: 该文件包含不能在当前代码页(936)中表示的字符。请将该文件保存为 Unicode 格式以防止数据丢失
     1>c:\program files\nvidia gpu computing toolkit\cuda\v6.0\include\math_functions.h(6392): warning C4819: 该文件包含不能在当前代码页(936)中表示的字符。请将该文件保存为 Unicode 格式以防止数据丢失
     1>c:\program files\nvidia gpu computing toolkit\cuda\v6.0\include\math_functions.h(7307): warning C4819: 该文件包含不能在当前代码页(936)中表示的字符。请将该文件保存为 Unicode 格式以防止数据丢失
     1>c:\program files\nvidia gpu computing toolkit\cuda\v6.0\include\math_functions.h : warning C4819: 该文件包含不能在当前代码页(936)中表示的字符。请将该文件保存为 Unicode 格式以防止数据丢失
     1>c:\program files\nvidia gpu computing toolkit\cuda\v6.0\include\math_functions.h(870): warning C4819: 该文件包含不能在当前代码页(936)中表示的字符。请将该文件保存为 Unicode 格式以防止数据丢失
     1>c:\program files\nvidia gpu computing toolkit\cuda\v6.0\include\math_functions.h(1850): warning C4819: 该文件包含不能在当前代码页(936)中表示的字符。请将该文件保存为 Unicode 格式以防止数据丢失
     1>c:\program files\nvidia gpu computing toolkit\cuda\v6.0\include\math_functions.h(2751): warning C4819: 该文件包含不能在当前代码页(936)中表示的字符。请将该文件保存为 Unicode 格式以防止数据丢失
     1>c:\program files\nvidia gpu computing toolkit\cuda\v6.0\include\math_functions.h(3698): warning C4819: 该文件包含不能在当前代码页(936)中表示的字符。请将该文件保存为 Unicode 格式以防止数据丢失
     1>c:\program files\nvidia gpu computing toolkit\cuda\v6.0\include\math_functions.h(4617): warning C4819: 该文件包含不能在当前代码页(936)中表示的字符。请将该文件保存为 Unicode 格式以防止数据丢失
     1>c:\program files\nvidia gpu computing toolkit\cuda\v6.0\include\math_functions.h(5509): warning C4819: 该文件包含不能在当前代码页(936)中表示的字符。请将该文件保存为 Unicode 格式以防止数据丢失
     1>c:\program files\nvidia gpu computing toolkit\cuda\v6.0\include\math_functions.h(6392): warning C4819: 该文件包含不能在当前代码页(936)中表示的字符。请将该文件保存为 Unicode 格式以防止数据丢失
     1>c:\program files\nvidia gpu computing toolkit\cuda\v6.0\include\math_functions.h(7307): warning C4819: 该文件包含不能在当前代码页(936)中表示的字符。请将该文件保存为 Unicode 格式以防止数据丢失
     1>c:\program files\nvidia gpu computing toolkit\cuda\v6.0\include\device_functions.h : warning C4819: 该文件包含不能在当前代码页(936)中表示的字符。请将该文件保存为 Unicode 格式以防止数据丢失
     1>c:\program files\nvidia gpu computing toolkit\cuda\v6.0\include\device_functions.h(783): warning C4819: 该文件包含不能在当前代码页(936)中表示的字符。请将该文件保存为 Unicode 格式以防止数据丢失
     1>c:\program files\nvidia gpu computing toolkit\cuda\v6.0\include\device_functions.h(1659): warning C4819: 该文件包含不能在当前代码页(936)中表示的字符。请将该文件保存为 Unicode 格式以防止数据丢失
     1>c:\program files\nvidia gpu computing toolkit\cuda\v6.0\include\sm_13_double_functions.h : warning C4819: 该文件包含不能在当前代码页(936)中表示的字符。请将该文件保存为 Unicode 格式以防止数据丢失
     1>c:\program files\nvidia gpu computing toolkit\cuda\v6.0\include\math_functions.h : warning C4819: 该文件包含不能在当前代码页(936)中表示的字符。请将该文件保存为 Unicode 格式以防止数据丢失
     1>c:\program files\nvidia gpu computing toolkit\cuda\v6.0\include\math_functions.h(870): warning C4819: 该文件包含不能在当前代码页(936)中表示的字符。请将该文件保存为 Unicode 格式以防止数据丢失
     1>c:\program files\nvidia gpu computing toolkit\cuda\v6.0\include\math_functions.h(1850): warning C4819: 该文件包含不能在当前代码页(936)中表示的字符。请将该文件保存为 Unicode 格式以防止数据丢失
     1>c:\program files\nvidia gpu computing toolkit\cuda\v6.0\include\math_functions.h(2751): warning C4819: 该文件包含不能在当前代码页(936)中表示的字符。请将该文件保存为 Unicode 格式以防止数据丢失
     1>c:\program files\nvidia gpu computing toolkit\cuda\v6.0\include\math_functions.h(3698): warning C4819: 该文件包含不能在当前代码页(936)中表示的字符。请将该文件保存为 Unicode 格式以防止数据丢失
     1>c:\program files\nvidia gpu computing toolkit\cuda\v6.0\include\math_functions.h(4617): warning C4819: 该文件包含不能在当前代码页(936)中表示的字符。请将该文件保存为 Unicode 格式以防止数据丢失
     1>c:\program files\nvidia gpu computing toolkit\cuda\v6.0\include\math_functions.h(5509): warning C4819: 该文件包含不能在当前代码页(936)中表示的字符。请将该文件保存为 Unicode 格式以防止数据丢失
     1>c:\program files\nvidia gpu computing toolkit\cuda\v6.0\include\math_functions.h(6392): warning C4819: 该文件包含不能在当前代码页(936)中表示的字符。请将该文件保存为 Unicode 格式以防止数据丢失
     1>c:\program files\nvidia gpu computing toolkit\cuda\v6.0\include\math_functions.h(7307): warning C4819: 该文件包含不能在当前代码页(936)中表示的字符。请将该文件保存为 Unicode 格式以防止数据丢失
     1>c:\program files\nvidia gpu computing toolkit\cuda\v6.0\include\device_functions.h : warning C4819: 该文件包含不能在当前代码页(936)中表示的字符。请将该文件保存为 Unicode 格式以防止数据丢失
     1>c:\program files\nvidia gpu computing toolkit\cuda\v6.0\include\device_functions.h(783): warning C4819: 该文件包含不能在当前代码页(936)中表示的字符。请将该文件保存为 Unicode 格式以防止数据丢失
     1>c:\program files\nvidia gpu computing toolkit\cuda\v6.0\include\device_functions.h(1659): warning C4819: 该文件包含不能在当前代码页(936)中表示的字符。请将该文件保存为 Unicode 格式以防止数据丢失
     1>c:\program files\nvidia gpu computing toolkit\cuda\v6.0\include\sm_13_double_functions.h : warning C4819: 该文件包含不能在当前代码页(936)中表示的字符。请将该文件保存为 Unicode 格式以防止数据丢失
     1>E:/users/Assassin/Documents/Visual Studio 2012/Projects/abschlussarbeit03/abschlussarbeit03/kernel.cu(253): warning : subscript out of range
     1>c:\program files\nvidia gpu computing toolkit\cuda\v6.0\include\math_functions.h : warning C4819: 该文件包含不能在当前代码页(936)中表示的字符。请将该文件保存为 Unicode 格式以防止数据丢失
     1>c:\program files\nvidia gpu computing toolkit\cuda\v6.0\include\math_functions.h(870): warning C4819: 该文件包含不能在当前代码页(936)中表示的字符。请将该文件保存为 Unicode 格式以防止数据丢失
     1>c:\program files\nvidia gpu computing toolkit\cuda\v6.0\include\math_functions.h(1850): warning C4819: 该文件包含不能在当前代码页(936)中表示的字符。请将该文件保存为 Unicode 格式以防止数据丢失
     1>c:\program files\nvidia gpu computing toolkit\cuda\v6.0\include\math_functions.h(2751): warning C4819: 该文件包含不能在当前代码页(936)中表示的字符。请将该文件保存为 Unicode 格式以防止数据丢失
     1>c:\program files\nvidia gpu computing toolkit\cuda\v6.0\include\math_functions.h(3698): warning C4819: 该文件包含不能在当前代码页(936)中表示的字符。请将该文件保存为 Unicode 格式以防止数据丢失
     1>c:\program files\nvidia gpu computing toolkit\cuda\v6.0\include\math_functions.h(4617): warning C4819: 该文件包含不能在当前代码页(936)中表示的字符。请将该文件保存为 Unicode 格式以防止数据丢失
     1>c:\program files\nvidia gpu computing toolkit\cuda\v6.0\include\math_functions.h(5509): warning C4819: 该文件包含不能在当前代码页(936)中表示的字符。请将该文件保存为 Unicode 格式以防止数据丢失
     1>c:\program files\nvidia gpu computing toolkit\cuda\v6.0\include\math_functions.h(6392): warning C4819: 该文件包含不能在当前代码页(936)中表示的字符。请将该文件保存为 Unicode 格式以防止数据丢失
     1>c:\program files\nvidia gpu computing toolkit\cuda\v6.0\include\math_functions.h(7307): warning C4819: 该文件包含不能在当前代码页(936)中表示的字符。请将该文件保存为 Unicode 格式以防止数据丢失
         kernel.cu
     1>E:/users/Assassin/Documents/Visual Studio 2012/Projects/abschlussarbeit03/abschlussarbeit03/kernel.cu(23): warning C4305: “初始化”: 从“double”到“float”截断
     1>E:/users/Assassin/Documents/Visual Studio 2012/Projects/abschlussarbeit03/abschlussarbeit03/kernel.cu(95): warning C4244: “=”: 从“short”转换到“unsigned char”，可能丢失数据
       CudaBuild:
         Compiling CUDA source file min_reduction.cu...
         cmd.exe /C "C:\Users\Assassin\AppData\Local\Temp\tmp56255ac7dfe3438993a49d80111ec0dd.cmd"
         "C:\Program Files\NVIDIA GPU Computing Toolkit\CUDA\v6.0\bin\nvcc.exe" -gencode=arch=compute_10,code=\"sm_10,compute_10\" --use-local-env --cl-version 2012 -ccbin "D:\Program Files (x86)\Microsoft Visual Studio 11.0\VC\bin"  -I"C:\Program Files\NVIDIA GPU Computing Toolkit\CUDA\v6.0\include" -I"C:\Program Files\NVIDIA GPU Computing Toolkit\CUDA\v6.0\include"  -G   --keep-dir Debug -maxrregcount=0  --machine 32 --compile -cudart static  -g   -DWIN32 -D_DEBUG -D_CONSOLE -D_MBCS -Xcompiler "/EHsc /W3 /nologo /Od /Zi /RTC1 /MDd  " -o Debug\min_reduction.cu.obj "E:\users\Assassin\Documents\Visual Studio 2012\Projects\abschlussarbeit03\abschlussarbeit03\min_reduction.cu"
         
         E:\users\Assassin\Documents\Visual Studio 2012\Projects\abschlussarbeit03\abschlussarbeit03>"C:\Program Files\NVIDIA GPU Computing Toolkit\CUDA\v6.0\bin\nvcc.exe" -gencode=arch=compute_10,code=\"sm_10,compute_10\" --use-local-env --cl-version 2012 -ccbin "D:\Program Files (x86)\Microsoft Visual Studio 11.0\VC\bin"  -I"C:\Program Files\NVIDIA GPU Computing Toolkit\CUDA\v6.0\include" -I"C:\Program Files\NVIDIA GPU Computing Toolkit\CUDA\v6.0\include"  -G   --keep-dir Debug -maxrregcount=0  --machine 32 --compile -cudart static  -g   -DWIN32 -D_DEBUG -D_CONSOLE -D_MBCS -Xcompiler "/EHsc /W3 /nologo /Od /Zi /RTC1 /MDd  " -o Debug\min_reduction.cu.obj "E:\users\Assassin\Documents\Visual Studio 2012\Projects\abschlussarbeit03\abschlussarbeit03\min_reduction.cu" 
     1>nvcc : warning : The 'compute_10' and 'sm_10' architectures are deprecated, and may be removed in a future release.
     1>c:\program files\nvidia gpu computing toolkit\cuda\v6.0\include\math_functions.h : warning C4819: 该文件包含不能在当前代码页(936)中表示的字符。请将该文件保存为 Unicode 格式以防止数据丢失
     1>c:\program files\nvidia gpu computing toolkit\cuda\v6.0\include\math_functions.h(870): warning C4819: 该文件包含不能在当前代码页(936)中表示的字符。请将该文件保存为 Unicode 格式以防止数据丢失
     1>c:\program files\nvidia gpu computing toolkit\cuda\v6.0\include\math_functions.h(1850): warning C4819: 该文件包含不能在当前代码页(936)中表示的字符。请将该文件保存为 Unicode 格式以防止数据丢失
     1>c:\program files\nvidia gpu computing toolkit\cuda\v6.0\include\math_functions.h(2751): warning C4819: 该文件包含不能在当前代码页(936)中表示的字符。请将该文件保存为 Unicode 格式以防止数据丢失
     1>c:\program files\nvidia gpu computing toolkit\cuda\v6.0\include\math_functions.h(3698): warning C4819: 该文件包含不能在当前代码页(936)中表示的字符。请将该文件保存为 Unicode 格式以防止数据丢失
     1>c:\program files\nvidia gpu computing toolkit\cuda\v6.0\include\math_functions.h(4617): warning C4819: 该文件包含不能在当前代码页(936)中表示的字符。请将该文件保存为 Unicode 格式以防止数据丢失
     1>c:\program files\nvidia gpu computing toolkit\cuda\v6.0\include\math_functions.h(5509): warning C4819: 该文件包含不能在当前代码页(936)中表示的字符。请将该文件保存为 Unicode 格式以防止数据丢失
     1>c:\program files\nvidia gpu computing toolkit\cuda\v6.0\include\math_functions.h(6392): warning C4819: 该文件包含不能在当前代码页(936)中表示的字符。请将该文件保存为 Unicode 格式以防止数据丢失
     1>c:\program files\nvidia gpu computing toolkit\cuda\v6.0\include\math_functions.h(7307): warning C4819: 该文件包含不能在当前代码页(936)中表示的字符。请将该文件保存为 Unicode 格式以防止数据丢失
     1>c:\program files\nvidia gpu computing toolkit\cuda\v6.0\include\device_functions.h : warning C4819: 该文件包含不能在当前代码页(936)中表示的字符。请将该文件保存为 Unicode 格式以防止数据丢失
     1>c:\program files\nvidia gpu computing toolkit\cuda\v6.0\include\device_functions.h(783): warning C4819: 该文件包含不能在当前代码页(936)中表示的字符。请将该文件保存为 Unicode 格式以防止数据丢失
     1>c:\program files\nvidia gpu computing toolkit\cuda\v6.0\include\device_functions.h(1659): warning C4819: 该文件包含不能在当前代码页(936)中表示的字符。请将该文件保存为 Unicode 格式以防止数据丢失
     1>c:\program files\nvidia gpu computing toolkit\cuda\v6.0\include\sm_13_double_functions.h : warning C4819: 该文件包含不能在当前代码页(936)中表示的字符。请将该文件保存为 Unicode 格式以防止数据丢失
     1>E:/users/Assassin/Documents/Visual Studio 2012/Projects/abschlussarbeit03/abschlussarbeit03/min_reduction.cu(129): warning : variable "gridSize" was declared but never referenced
     1>c:\program files\nvidia gpu computing toolkit\cuda\v6.0\include\math_functions.h : warning C4819: 该文件包含不能在当前代码页(936)中表示的字符。请将该文件保存为 Unicode 格式以防止数据丢失
     1>c:\program files\nvidia gpu computing toolkit\cuda\v6.0\include\math_functions.h(870): warning C4819: 该文件包含不能在当前代码页(936)中表示的字符。请将该文件保存为 Unicode 格式以防止数据丢失
     1>c:\program files\nvidia gpu computing toolkit\cuda\v6.0\include\math_functions.h(1850): warning C4819: 该文件包含不能在当前代码页(936)中表示的字符。请将该文件保存为 Unicode 格式以防止数据丢失
     1>c:\program files\nvidia gpu computing toolkit\cuda\v6.0\include\math_functions.h(2751): warning C4819: 该文件包含不能在当前代码页(936)中表示的字符。请将该文件保存为 Unicode 格式以防止数据丢失
     1>c:\program files\nvidia gpu computing toolkit\cuda\v6.0\include\math_functions.h(3698): warning C4819: 该文件包含不能在当前代码页(936)中表示的字符。请将该文件保存为 Unicode 格式以防止数据丢失
     1>c:\program files\nvidia gpu computing toolkit\cuda\v6.0\include\math_functions.h(4617): warning C4819: 该文件包含不能在当前代码页(936)中表示的字符。请将该文件保存为 Unicode 格式以防止数据丢失
     1>c:\program files\nvidia gpu computing toolkit\cuda\v6.0\include\math_functions.h(5509): warning C4819: 该文件包含不能在当前代码页(936)中表示的字符。请将该文件保存为 Unicode 格式以防止数据丢失
     1>c:\program files\nvidia gpu computing toolkit\cuda\v6.0\include\math_functions.h(6392): warning C4819: 该文件包含不能在当前代码页(936)中表示的字符。请将该文件保存为 Unicode 格式以防止数据丢失
     1>c:\program files\nvidia gpu computing toolkit\cuda\v6.0\include\math_functions.h(7307): warning C4819: 该文件包含不能在当前代码页(936)中表示的字符。请将该文件保存为 Unicode 格式以防止数据丢失
     1>c:\program files\nvidia gpu computing toolkit\cuda\v6.0\include\math_functions.h : warning C4819: 该文件包含不能在当前代码页(936)中表示的字符。请将该文件保存为 Unicode 格式以防止数据丢失
     1>c:\program files\nvidia gpu computing toolkit\cuda\v6.0\include\math_functions.h(870): warning C4819: 该文件包含不能在当前代码页(936)中表示的字符。请将该文件保存为 Unicode 格式以防止数据丢失
     1>c:\program files\nvidia gpu computing toolkit\cuda\v6.0\include\math_functions.h(1850): warning C4819: 该文件包含不能在当前代码页(936)中表示的字符。请将该文件保存为 Unicode 格式以防止数据丢失
     1>c:\program files\nvidia gpu computing toolkit\cuda\v6.0\include\math_functions.h(2751): warning C4819: 该文件包含不能在当前代码页(936)中表示的字符。请将该文件保存为 Unicode 格式以防止数据丢失
     1>c:\program files\nvidia gpu computing toolkit\cuda\v6.0\include\math_functions.h(3698): warning C4819: 该文件包含不能在当前代码页(936)中表示的字符。请将该文件保存为 Unicode 格式以防止数据丢失
     1>c:\program files\nvidia gpu computing toolkit\cuda\v6.0\include\math_functions.h(4617): warning C4819: 该文件包含不能在当前代码页(936)中表示的字符。请将该文件保存为 Unicode 格式以防止数据丢失
     1>c:\program files\nvidia gpu computing toolkit\cuda\v6.0\include\math_functions.h(5509): warning C4819: 该文件包含不能在当前代码页(936)中表示的字符。请将该文件保存为 Unicode 格式以防止数据丢失
     1>c:\program files\nvidia gpu computing toolkit\cuda\v6.0\include\math_functions.h(6392): warning C4819: 该文件包含不能在当前代码页(936)中表示的字符。请将该文件保存为 Unicode 格式以防止数据丢失
     1>c:\program files\nvidia gpu computing toolkit\cuda\v6.0\include\math_functions.h(7307): warning C4819: 该文件包含不能在当前代码页(936)中表示的字符。请将该文件保存为 Unicode 格式以防止数据丢失
     1>c:\program files\nvidia gpu computing toolkit\cuda\v6.0\include\device_functions.h : warning C4819: 该文件包含不能在当前代码页(936)中表示的字符。请将该文件保存为 Unicode 格式以防止数据丢失
     1>c:\program files\nvidia gpu computing toolkit\cuda\v6.0\include\device_functions.h(783): warning C4819: 该文件包含不能在当前代码页(936)中表示的字符。请将该文件保存为 Unicode 格式以防止数据丢失
     1>c:\program files\nvidia gpu computing toolkit\cuda\v6.0\include\device_functions.h(1659): warning C4819: 该文件包含不能在当前代码页(936)中表示的字符。请将该文件保存为 Unicode 格式以防止数据丢失
     1>c:\program files\nvidia gpu computing toolkit\cuda\v6.0\include\sm_13_double_functions.h : warning C4819: 该文件包含不能在当前代码页(936)中表示的字符。请将该文件保存为 Unicode 格式以防止数据丢失
     1>c:\program files\nvidia gpu computing toolkit\cuda\v6.0\include\math_functions.h : warning C4819: 该文件包含不能在当前代码页(936)中表示的字符。请将该文件保存为 Unicode 格式以防止数据丢失
     1>c:\program files\nvidia gpu computing toolkit\cuda\v6.0\include\math_functions.h(870): warning C4819: 该文件包含不能在当前代码页(936)中表示的字符。请将该文件保存为 Unicode 格式以防止数据丢失
     1>c:\program files\nvidia gpu computing toolkit\cuda\v6.0\include\math_functions.h(1850): warning C4819: 该文件包含不能在当前代码页(936)中表示的字符。请将该文件保存为 Unicode 格式以防止数据丢失
     1>c:\program files\nvidia gpu computing toolkit\cuda\v6.0\include\math_functions.h(2751): warning C4819: 该文件包含不能在当前代码页(936)中表示的字符。请将该文件保存为 Unicode 格式以防止数据丢失
     1>c:\program files\nvidia gpu computing toolkit\cuda\v6.0\include\math_functions.h(3698): warning C4819: 该文件包含不能在当前代码页(936)中表示的字符。请将该文件保存为 Unicode 格式以防止数据丢失
     1>c:\program files\nvidia gpu computing toolkit\cuda\v6.0\include\math_functions.h(4617): warning C4819: 该文件包含不能在当前代码页(936)中表示的字符。请将该文件保存为 Unicode 格式以防止数据丢失
     1>c:\program files\nvidia gpu computing toolkit\cuda\v6.0\include\math_functions.h(5509): warning C4819: 该文件包含不能在当前代码页(936)中表示的字符。请将该文件保存为 Unicode 格式以防止数据丢失
     1>c:\program files\nvidia gpu computing toolkit\cuda\v6.0\include\math_functions.h(6392): warning C4819: 该文件包含不能在当前代码页(936)中表示的字符。请将该文件保存为 Unicode 格式以防止数据丢失
     1>c:\program files\nvidia gpu computing toolkit\cuda\v6.0\include\math_functions.h(7307): warning C4819: 该文件包含不能在当前代码页(936)中表示的字符。请将该文件保存为 Unicode 格式以防止数据丢失
     1>c:\program files\nvidia gpu computing toolkit\cuda\v6.0\include\device_functions.h : warning C4819: 该文件包含不能在当前代码页(936)中表示的字符。请将该文件保存为 Unicode 格式以防止数据丢失
     1>c:\program files\nvidia gpu computing toolkit\cuda\v6.0\include\device_functions.h(783): warning C4819: 该文件包含不能在当前代码页(936)中表示的字符。请将该文件保存为 Unicode 格式以防止数据丢失
     1>c:\program files\nvidia gpu computing toolkit\cuda\v6.0\include\device_functions.h(1659): warning C4819: 该文件包含不能在当前代码页(936)中表示的字符。请将该文件保存为 Unicode 格式以防止数据丢失
     1>c:\program files\nvidia gpu computing toolkit\cuda\v6.0\include\sm_13_double_functions.h : warning C4819: 该文件包含不能在当前代码页(936)中表示的字符。请将该文件保存为 Unicode 格式以防止数据丢失
     1>E:/users/Assassin/Documents/Visual Studio 2012/Projects/abschlussarbeit03/abschlussarbeit03/min_reduction.cu(129): warning : variable "gridSize" was declared but never referenced
     1>c:\program files\nvidia gpu computing toolkit\cuda\v6.0\include\math_functions.h : warning C4819: 该文件包含不能在当前代码页(936)中表示的字符。请将该文件保存为 Unicode 格式以防止数据丢失
     1>c:\program files\nvidia gpu computing toolkit\cuda\v6.0\include\math_functions.h(870): warning C4819: 该文件包含不能在当前代码页(936)中表示的字符。请将该文件保存为 Unicode 格式以防止数据丢失
     1>c:\program files\nvidia gpu computing toolkit\cuda\v6.0\include\math_functions.h(1850): warning C4819: 该文件包含不能在当前代码页(936)中表示的字符。请将该文件保存为 Unicode 格式以防止数据丢失
     1>c:\program files\nvidia gpu computing toolkit\cuda\v6.0\include\math_functions.h(2751): warning C4819: 该文件包含不能在当前代码页(936)中表示的字符。请将该文件保存为 Unicode 格式以防止数据丢失
     1>c:\program files\nvidia gpu computing toolkit\cuda\v6.0\include\math_functions.h(3698): warning C4819: 该文件包含不能在当前代码页(936)中表示的字符。请将该文件保存为 Unicode 格式以防止数据丢失
     1>c:\program files\nvidia gpu computing toolkit\cuda\v6.0\include\math_functions.h(4617): warning C4819: 该文件包含不能在当前代码页(936)中表示的字符。请将该文件保存为 Unicode 格式以防止数据丢失
     1>c:\program files\nvidia gpu computing toolkit\cuda\v6.0\include\math_functions.h(5509): warning C4819: 该文件包含不能在当前代码页(936)中表示的字符。请将该文件保存为 Unicode 格式以防止数据丢失
     1>c:\program files\nvidia gpu computing toolkit\cuda\v6.0\include\math_functions.h(6392): warning C4819: 该文件包含不能在当前代码页(936)中表示的字符。请将该文件保存为 Unicode 格式以防止数据丢失
     1>c:\program files\nvidia gpu computing toolkit\cuda\v6.0\include\math_functions.h(7307): warning C4819: 该文件包含不能在当前代码页(936)中表示的字符。请将该文件保存为 Unicode 格式以防止数据丢失
         min_reduction.cu
       CudaBuild:
         Compiling CUDA source file sep_mst.cu...
         cmd.exe /C "C:\Users\Assassin\AppData\Local\Temp\tmp91fa40745aa14e38b2a7f94cc51df92c.cmd"
         "C:\Program Files\NVIDIA GPU Computing Toolkit\CUDA\v6.0\bin\nvcc.exe" -gencode=arch=compute_10,code=\"sm_10,compute_10\" --use-local-env --cl-version 2012 -ccbin "D:\Program Files (x86)\Microsoft Visual Studio 11.0\VC\bin"  -I"C:\Program Files\NVIDIA GPU Computing Toolkit\CUDA\v6.0\include" -I"C:\Program Files\NVIDIA GPU Computing Toolkit\CUDA\v6.0\include"  -G   --keep-dir Debug -maxrregcount=0  --machine 32 --compile -cudart static  -g   -DWIN32 -D_DEBUG -D_CONSOLE -D_MBCS -Xcompiler "/EHsc /W3 /nologo /Od /Zi /RTC1 /MDd  " -o Debug\sep_mst.cu.obj "E:\users\Assassin\Documents\Visual Studio 2012\Projects\abschlussarbeit03\abschlussarbeit03\sep_mst.cu"
         
         E:\users\Assassin\Documents\Visual Studio 2012\Projects\abschlussarbeit03\abschlussarbeit03>"C:\Program Files\NVIDIA GPU Computing Toolkit\CUDA\v6.0\bin\nvcc.exe" -gencode=arch=compute_10,code=\"sm_10,compute_10\" --use-local-env --cl-version 2012 -ccbin "D:\Program Files (x86)\Microsoft Visual Studio 11.0\VC\bin"  -I"C:\Program Files\NVIDIA GPU Computing Toolkit\CUDA\v6.0\include" -I"C:\Program Files\NVIDIA GPU Computing Toolkit\CUDA\v6.0\include"  -G   --keep-dir Debug -maxrregcount=0  --machine 32 --compile -cudart static  -g   -DWIN32 -D_DEBUG -D_CONSOLE -D_MBCS -Xcompiler "/EHsc /W3 /nologo /Od /Zi /RTC1 /MDd  " -o Debug\sep_mst.cu.obj "E:\users\Assassin\Documents\Visual Studio 2012\Projects\abschlussarbeit03\abschlussarbeit03\sep_mst.cu" 
     1>nvcc : warning : The 'compute_10' and 'sm_10' architectures are deprecated, and may be removed in a future release.
     1>c:\program files\nvidia gpu computing toolkit\cuda\v6.0\include\math_functions.h : warning C4819: 该文件包含不能在当前代码页(936)中表示的字符。请将该文件保存为 Unicode 格式以防止数据丢失
     1>c:\program files\nvidia gpu computing toolkit\cuda\v6.0\include\math_functions.h(870): warning C4819: 该文件包含不能在当前代码页(936)中表示的字符。请将该文件保存为 Unicode 格式以防止数据丢失
     1>c:\program files\nvidia gpu computing toolkit\cuda\v6.0\include\math_functions.h(1850): warning C4819: 该文件包含不能在当前代码页(936)中表示的字符。请将该文件保存为 Unicode 格式以防止数据丢失
     1>c:\program files\nvidia gpu computing toolkit\cuda\v6.0\include\math_functions.h(2751): warning C4819: 该文件包含不能在当前代码页(936)中表示的字符。请将该文件保存为 Unicode 格式以防止数据丢失
     1>c:\program files\nvidia gpu computing toolkit\cuda\v6.0\include\math_functions.h(3698): warning C4819: 该文件包含不能在当前代码页(936)中表示的字符。请将该文件保存为 Unicode 格式以防止数据丢失
     1>c:\program files\nvidia gpu computing toolkit\cuda\v6.0\include\math_functions.h(4617): warning C4819: 该文件包含不能在当前代码页(936)中表示的字符。请将该文件保存为 Unicode 格式以防止数据丢失
     1>c:\program files\nvidia gpu computing toolkit\cuda\v6.0\include\math_functions.h(5509): warning C4819: 该文件包含不能在当前代码页(936)中表示的字符。请将该文件保存为 Unicode 格式以防止数据丢失
     1>c:\program files\nvidia gpu computing toolkit\cuda\v6.0\include\math_functions.h(6392): warning C4819: 该文件包含不能在当前代码页(936)中表示的字符。请将该文件保存为 Unicode 格式以防止数据丢失
     1>c:\program files\nvidia gpu computing toolkit\cuda\v6.0\include\math_functions.h(7307): warning C4819: 该文件包含不能在当前代码页(936)中表示的字符。请将该文件保存为 Unicode 格式以防止数据丢失
     1>c:\program files\nvidia gpu computing toolkit\cuda\v6.0\include\device_functions.h : warning C4819: 该文件包含不能在当前代码页(936)中表示的字符。请将该文件保存为 Unicode 格式以防止数据丢失
     1>c:\program files\nvidia gpu computing toolkit\cuda\v6.0\include\device_functions.h(783): warning C4819: 该文件包含不能在当前代码页(936)中表示的字符。请将该文件保存为 Unicode 格式以防止数据丢失
     1>c:\program files\nvidia gpu computing toolkit\cuda\v6.0\include\device_functions.h(1659): warning C4819: 该文件包含不能在当前代码页(936)中表示的字符。请将该文件保存为 Unicode 格式以防止数据丢失
     1>c:\program files\nvidia gpu computing toolkit\cuda\v6.0\include\sm_13_double_functions.h : warning C4819: 该文件包含不能在当前代码页(936)中表示的字符。请将该文件保存为 Unicode 格式以防止数据丢失
     1>E:/users/Assassin/Documents/Visual Studio 2012/Projects/abschlussarbeit03/abschlussarbeit03/sep_mst.cu(54): warning : variable "legal" was declared but never referenced
     1>c:\program files\nvidia gpu computing toolkit\cuda\v6.0\include\math_functions.h : warning C4819: 该文件包含不能在当前代码页(936)中表示的字符。请将该文件保存为 Unicode 格式以防止数据丢失
     1>c:\program files\nvidia gpu computing toolkit\cuda\v6.0\include\math_functions.h(870): warning C4819: 该文件包含不能在当前代码页(936)中表示的字符。请将该文件保存为 Unicode 格式以防止数据丢失
     1>c:\program files\nvidia gpu computing toolkit\cuda\v6.0\include\math_functions.h(1850): warning C4819: 该文件包含不能在当前代码页(936)中表示的字符。请将该文件保存为 Unicode 格式以防止数据丢失
     1>c:\program files\nvidia gpu computing toolkit\cuda\v6.0\include\math_functions.h(2751): warning C4819: 该文件包含不能在当前代码页(936)中表示的字符。请将该文件保存为 Unicode 格式以防止数据丢失
     1>c:\program files\nvidia gpu computing toolkit\cuda\v6.0\include\math_functions.h(3698): warning C4819: 该文件包含不能在当前代码页(936)中表示的字符。请将该文件保存为 Unicode 格式以防止数据丢失
     1>c:\program files\nvidia gpu computing toolkit\cuda\v6.0\include\math_functions.h(4617): warning C4819: 该文件包含不能在当前代码页(936)中表示的字符。请将该文件保存为 Unicode 格式以防止数据丢失
     1>c:\program files\nvidia gpu computing toolkit\cuda\v6.0\include\math_functions.h(5509): warning C4819: 该文件包含不能在当前代码页(936)中表示的字符。请将该文件保存为 Unicode 格式以防止数据丢失
     1>c:\program files\nvidia gpu computing toolkit\cuda\v6.0\include\math_functions.h(6392): warning C4819: 该文件包含不能在当前代码页(936)中表示的字符。请将该文件保存为 Unicode 格式以防止数据丢失
     1>c:\program files\nvidia gpu computing toolkit\cuda\v6.0\include\math_functions.h(7307): warning C4819: 该文件包含不能在当前代码页(936)中表示的字符。请将该文件保存为 Unicode 格式以防止数据丢失
     1>c:\program files\nvidia gpu computing toolkit\cuda\v6.0\include\math_functions.h : warning C4819: 该文件包含不能在当前代码页(936)中表示的字符。请将该文件保存为 Unicode 格式以防止数据丢失
     1>c:\program files\nvidia gpu computing toolkit\cuda\v6.0\include\math_functions.h(870): warning C4819: 该文件包含不能在当前代码页(936)中表示的字符。请将该文件保存为 Unicode 格式以防止数据丢失
     1>c:\program files\nvidia gpu computing toolkit\cuda\v6.0\include\math_functions.h(1850): warning C4819: 该文件包含不能在当前代码页(936)中表示的字符。请将该文件保存为 Unicode 格式以防止数据丢失
     1>c:\program files\nvidia gpu computing toolkit\cuda\v6.0\include\math_functions.h(2751): warning C4819: 该文件包含不能在当前代码页(936)中表示的字符。请将该文件保存为 Unicode 格式以防止数据丢失
     1>c:\program files\nvidia gpu computing toolkit\cuda\v6.0\include\math_functions.h(3698): warning C4819: 该文件包含不能在当前代码页(936)中表示的字符。请将该文件保存为 Unicode 格式以防止数据丢失
     1>c:\program files\nvidia gpu computing toolkit\cuda\v6.0\include\math_functions.h(4617): warning C4819: 该文件包含不能在当前代码页(936)中表示的字符。请将该文件保存为 Unicode 格式以防止数据丢失
     1>c:\program files\nvidia gpu computing toolkit\cuda\v6.0\include\math_functions.h(5509): warning C4819: 该文件包含不能在当前代码页(936)中表示的字符。请将该文件保存为 Unicode 格式以防止数据丢失
     1>c:\program files\nvidia gpu computing toolkit\cuda\v6.0\include\math_functions.h(6392): warning C4819: 该文件包含不能在当前代码页(936)中表示的字符。请将该文件保存为 Unicode 格式以防止数据丢失
     1>c:\program files\nvidia gpu computing toolkit\cuda\v6.0\include\math_functions.h(7307): warning C4819: 该文件包含不能在当前代码页(936)中表示的字符。请将该文件保存为 Unicode 格式以防止数据丢失
     1>c:\program files\nvidia gpu computing toolkit\cuda\v6.0\include\device_functions.h : warning C4819: 该文件包含不能在当前代码页(936)中表示的字符。请将该文件保存为 Unicode 格式以防止数据丢失
     1>c:\program files\nvidia gpu computing toolkit\cuda\v6.0\include\device_functions.h(783): warning C4819: 该文件包含不能在当前代码页(936)中表示的字符。请将该文件保存为 Unicode 格式以防止数据丢失
     1>c:\program files\nvidia gpu computing toolkit\cuda\v6.0\include\device_functions.h(1659): warning C4819: 该文件包含不能在当前代码页(936)中表示的字符。请将该文件保存为 Unicode 格式以防止数据丢失
     1>c:\program files\nvidia gpu computing toolkit\cuda\v6.0\include\sm_13_double_functions.h : warning C4819: 该文件包含不能在当前代码页(936)中表示的字符。请将该文件保存为 Unicode 格式以防止数据丢失
     1>c:\program files\nvidia gpu computing toolkit\cuda\v6.0\include\math_functions.h : warning C4819: 该文件包含不能在当前代码页(936)中表示的字符。请将该文件保存为 Unicode 格式以防止数据丢失
     1>c:\program files\nvidia gpu computing toolkit\cuda\v6.0\include\math_functions.h(870): warning C4819: 该文件包含不能在当前代码页(936)中表示的字符。请将该文件保存为 Unicode 格式以防止数据丢失
     1>c:\program files\nvidia gpu computing toolkit\cuda\v6.0\include\math_functions.h(1850): warning C4819: 该文件包含不能在当前代码页(936)中表示的字符。请将该文件保存为 Unicode 格式以防止数据丢失
     1>c:\program files\nvidia gpu computing toolkit\cuda\v6.0\include\math_functions.h(2751): warning C4819: 该文件包含不能在当前代码页(936)中表示的字符。请将该文件保存为 Unicode 格式以防止数据丢失
     1>c:\program files\nvidia gpu computing toolkit\cuda\v6.0\include\math_functions.h(3698): warning C4819: 该文件包含不能在当前代码页(936)中表示的字符。请将该文件保存为 Unicode 格式以防止数据丢失
     1>c:\program files\nvidia gpu computing toolkit\cuda\v6.0\include\math_functions.h(4617): warning C4819: 该文件包含不能在当前代码页(936)中表示的字符。请将该文件保存为 Unicode 格式以防止数据丢失
     1>c:\program files\nvidia gpu computing toolkit\cuda\v6.0\include\math_functions.h(5509): warning C4819: 该文件包含不能在当前代码页(936)中表示的字符。请将该文件保存为 Unicode 格式以防止数据丢失
     1>c:\program files\nvidia gpu computing toolkit\cuda\v6.0\include\math_functions.h(6392): warning C4819: 该文件包含不能在当前代码页(936)中表示的字符。请将该文件保存为 Unicode 格式以防止数据丢失
     1>c:\program files\nvidia gpu computing toolkit\cuda\v6.0\include\math_functions.h(7307): warning C4819: 该文件包含不能在当前代码页(936)中表示的字符。请将该文件保存为 Unicode 格式以防止数据丢失
     1>c:\program files\nvidia gpu computing toolkit\cuda\v6.0\include\device_functions.h : warning C4819: 该文件包含不能在当前代码页(936)中表示的字符。请将该文件保存为 Unicode 格式以防止数据丢失
     1>c:\program files\nvidia gpu computing toolkit\cuda\v6.0\include\device_functions.h(783): warning C4819: 该文件包含不能在当前代码页(936)中表示的字符。请将该文件保存为 Unicode 格式以防止数据丢失
     1>c:\program files\nvidia gpu computing toolkit\cuda\v6.0\include\device_functions.h(1659): warning C4819: 该文件包含不能在当前代码页(936)中表示的字符。请将该文件保存为 Unicode 格式以防止数据丢失
     1>c:\program files\nvidia gpu computing toolkit\cuda\v6.0\include\sm_13_double_functions.h : warning C4819: 该文件包含不能在当前代码页(936)中表示的字符。请将该文件保存为 Unicode 格式以防止数据丢失
     1>E:/users/Assassin/Documents/Visual Studio 2012/Projects/abschlussarbeit03/abschlussarbeit03/sep_mst.cu(54): warning : variable "legal" was declared but never referenced
     1>c:\program files\nvidia gpu computing toolkit\cuda\v6.0\include\math_functions.h : warning C4819: 该文件包含不能在当前代码页(936)中表示的字符。请将该文件保存为 Unicode 格式以防止数据丢失
     1>c:\program files\nvidia gpu computing toolkit\cuda\v6.0\include\math_functions.h(870): warning C4819: 该文件包含不能在当前代码页(936)中表示的字符。请将该文件保存为 Unicode 格式以防止数据丢失
     1>c:\program files\nvidia gpu computing toolkit\cuda\v6.0\include\math_functions.h(1850): warning C4819: 该文件包含不能在当前代码页(936)中表示的字符。请将该文件保存为 Unicode 格式以防止数据丢失
     1>c:\program files\nvidia gpu computing toolkit\cuda\v6.0\include\math_functions.h(2751): warning C4819: 该文件包含不能在当前代码页(936)中表示的字符。请将该文件保存为 Unicode 格式以防止数据丢失
     1>c:\program files\nvidia gpu computing toolkit\cuda\v6.0\include\math_functions.h(3698): warning C4819: 该文件包含不能在当前代码页(936)中表示的字符。请将该文件保存为 Unicode 格式以防止数据丢失
     1>c:\program files\nvidia gpu computing toolkit\cuda\v6.0\include\math_functions.h(4617): warning C4819: 该文件包含不能在当前代码页(936)中表示的字符。请将该文件保存为 Unicode 格式以防止数据丢失
     1>c:\program files\nvidia gpu computing toolkit\cuda\v6.0\include\math_functions.h(5509): warning C4819: 该文件包含不能在当前代码页(936)中表示的字符。请将该文件保存为 Unicode 格式以防止数据丢失
     1>c:\program files\nvidia gpu computing toolkit\cuda\v6.0\include\math_functions.h(6392): warning C4819: 该文件包含不能在当前代码页(936)中表示的字符。请将该文件保存为 Unicode 格式以防止数据丢失
     1>c:\program files\nvidia gpu computing toolkit\cuda\v6.0\include\math_functions.h(7307): warning C4819: 该文件包含不能在当前代码页(936)中表示的字符。请将该文件保存为 Unicode 格式以防止数据丢失
         sep_mst.cu
       Link:
         D:\Program Files (x86)\Microsoft Visual Studio 11.0\VC\bin\link.exe /ERRORREPORT:PROMPT /OUT:"E:\Users\Assassin\Documents\Visual Studio 2012\Projects\abschlussarbeit03\Debug\abschlussarbeit03.exe" /INCREMENTAL /NOLOGO /LIBPATH:"C:\Program Files\NVIDIA GPU Computing Toolkit\CUDA\v6.0\lib\Win32" cudart.lib kernel32.lib user32.lib gdi32.lib winspool.lib comdlg32.lib advapi32.lib shell32.lib ole32.lib oleaut32.lib uuid.lib odbc32.lib odbccp32.lib kernel32.lib user32.lib gdi32.lib winspool.lib comdlg32.lib advapi32.lib shell32.lib ole32.lib oleaut32.lib uuid.lib odbc32.lib odbccp32.lib /MANIFEST /MANIFESTUAC:"level='asInvoker' uiAccess='false'" /manifest:embed /DEBUG /PDB:"E:\Users\Assassin\Documents\Visual Studio 2012\Projects\abschlussarbeit03\Debug\abschlussarbeit03.pdb" /SUBSYSTEM:CONSOLE /TLBID:1 /DYNAMICBASE /NXCOMPAT /IMPLIB:"E:\Users\Assassin\Documents\Visual Studio 2012\Projects\abschlussarbeit03\Debug\abschlussarbeit03.lib" /MACHINE:X86 Debug\dis_mat.cu.obj
         Debug\kernel.cu.obj
         Debug\min_reduction.cu.obj
         Debug\sep_mst.cu.obj
         abschlussarbeit03.vcxproj -> E:\Users\Assassin\Documents\Visual Studio 2012\Projects\abschlussarbeit03\Debug\abschlussarbeit03.exe
       PostBuildEvent:
         echo copy "C:\Program Files\NVIDIA GPU Computing Toolkit\CUDA\v6.0\bin\cudart*.dll" "E:\Users\Assassin\Documents\Visual Studio 2012\Projects\abschlussarbeit03\Debug\"
         copy "C:\Program Files\NVIDIA GPU Computing Toolkit\CUDA\v6.0\bin\cudart*.dll" "E:\Users\Assassin\Documents\Visual Studio 2012\Projects\abschlussarbeit03\Debug\"
         :VCEnd
         copy "C:\Program Files\NVIDIA GPU Computing Toolkit\CUDA\v6.0\bin\cudart*.dll" "E:\Users\Assassin\Documents\Visual Studio 2012\Projects\abschlussarbeit03\Debug\"
         C:\Program Files\NVIDIA GPU Computing Toolkit\CUDA\v6.0\bin\cudart32_60.dll
         C:\Program Files\NVIDIA GPU Computing Toolkit\CUDA\v6.0\bin\cudart64_60.dll
                 2 Datei(en) kopiert.
     1>已完成生成项目“E:\users\Assassin\Documents\Visual Studio 2012\Projects\abschlussarbeit03\abschlussarbeit03\abschlussarbeit03.vcxproj”(Build 个目标)的操作。

生成成功。

已用时间 00:00:30.06
